<?xml version="1.0" encoding="UTF-8"?>
<!-- Generated by org.testng.reporters.JUnitXMLReporter -->
<testsuite ignored="0" hostname="WarMachine" failures="0" tests="3" name="Default test" time="7.73" errors="0" timestamp="2025-02-10T19:27:52 IST">
  <testcase classname="testcases.LoginTest" name="firsttest" time="1.342"/>
  <testcase classname="testcases.LoginTest" name="firsttest" time="1.557"/>
  <testcase classname="testcases.LoginTest" name="firsttest" time="1.189"/>
</testsuite> <!-- Default test -->
