<?xml version="1.0" encoding="UTF-8"?>
<!-- Generated by org.testng.reporters.JUnitXMLReporter -->
<testsuite ignored="0" hostname="WarMachine" failures="0" tests="7" name="Default test" time="11.944" errors="0" timestamp="2025-02-13T19:35:28 IST">
  <testcase classname="testcases.LoginTest" name="firsttest" time="1.389"/>
  <testcase classname="testcases.LoginTest" name="firsttest" time="1.301"/>
  <testcase classname="testcases.LoginTest" name="firsttest" time="1.19"/>
  <testcase classname="testcases.LoginTest" name="negativeLoginTest" time="1.27"/>
  <testcase classname="testcases.LoginTest" name="negativeLoginTest" time="1.331"/>
  <testcase classname="testcases.LoginTest" name="negativeLoginTest" time="1.352"/>
  <testcase classname="testcases.LoginTest" name="negativeLoginTest" time="1.301"/>
</testsuite> <!-- Default test -->
