<?xml version="1.0" encoding="UTF-8"?>
<!-- Generated by org.testng.reporters.JUnitXMLReporter -->
<testsuite ignored="0" hostname="WarMachine" failures="0" tests="7" name="Default test" time="20.596" errors="0" timestamp="2025-02-16T22:52:22 IST">
  <testcase classname="testcases.LoginTest" name="firsttest" time="1.793"/>
  <testcase classname="testcases.LoginTest" name="firsttest" time="2.882"/>
  <testcase classname="testcases.LoginTest" name="firsttest" time="2.218"/>
  <testcase classname="testcases.LoginTest" name="negativeLoginTest" time="1.771"/>
  <testcase classname="testcases.LoginTest" name="negativeLoginTest" time="1.806"/>
  <testcase classname="testcases.LoginTest" name="negativeLoginTest" time="1.686"/>
  <testcase classname="testcases.LoginTest" name="negativeLoginTest" time="1.539"/>
</testsuite> <!-- Default test -->
