<?xml version="1.0" encoding="UTF-8"?>
<!-- Generated by org.testng.reporters.JUnitXMLReporter -->
<testsuite ignored="0" hostname="WarMachine" failures="0" tests="3" name="Default test" time="7.372" errors="0" timestamp="2025-02-12T21:02:05 IST">
  <testcase classname="testcases.DashboardTest" name="verifyDashboardForMultipleUsers" time="1.174"/>
  <testcase classname="testcases.DashboardTest" name="verifyDashboardForMultipleUsers" time="1.444"/>
  <testcase classname="testcases.DashboardTest" name="verifyDashboardForMultipleUsers" time="1.927"/>
</testsuite> <!-- Default test -->
